Start testing: Apr 13 15:12 PDT
----------------------------------------------------------
1/1 Testing: matrix_tests
1/1 Test: matrix_tests
Command: "/Users/keshavramamurthy/Desktop/tft/build/matrix_tests"
Directory: /Users/keshavramamurthy/Desktop/tft/build
"matrix_tests" start time: Apr 13 15:12 PDT
Output:
----------------------------------------------------------
matrix multiplication test passed
<end of output>
Test time =   0.16 sec
----------------------------------------------------------
Test Passed.
"matrix_tests" end time: Apr 13 15:12 PDT
"matrix_tests" time elapsed: 00:00:00
----------------------------------------------------------

End testing: Apr 13 15:12 PDT
